<?xml version="1.0" encoding="UTF-8"?>
<!-- Generated by org.testng.reporters.JUnitXMLReporter -->
<testsuite hostname="DESKTOP-6D3FG3E" ignored="0" name="Test" tests="6" failures="0" timestamp="2021-04-24T13:52:18 CEST" time="46.309" errors="0">
  <testcase name="launchURL" time="6.46" classname="com.qa.testcases.TrivagoMainTest"/>
  <testcase name="enterLocation" time="4.052" classname="com.qa.testcases.TrivagoMainTest"/>
  <testcase name="enterRadius" time="0.451" classname="com.qa.testcases.TrivagoMainTest"/>
  <testcase name="clickGuestAsLink" time="5.041" classname="com.qa.testcases.TrivagoMainTest"/>
  <testcase name="enterDetail" time="12.301" classname="com.qa.testcases.TrivagoMainTest"/>
  <testcase name="insertDatainForm" time="12.345" classname="com.qa.testcases.TrivagoMainTest"/>
</testsuite> <!-- Test -->
